Started GET "/" for 127.0.0.1 at 2017-06-14 13:24:50 -0400
  
ActiveRecord::PendingMigrationError (

Migrations are pending. To resolve this issue, run:

        bin/rails db:migrate RAILS_ENV=development

):
  
activerecord (5.1.1) lib/active_record/migration.rb:576:in `check_pending!'
activerecord (5.1.1) lib/active_record/migration.rb:553:in `call'
actionpack (5.1.1) lib/action_dispatch/middleware/callbacks.rb:26:in `block in call'
activesupport (5.1.1) lib/active_support/callbacks.rb:97:in `run_callbacks'
actionpack (5.1.1) lib/action_dispatch/middleware/callbacks.rb:24:in `call'
actionpack (5.1.1) lib/action_dispatch/middleware/executor.rb:12:in `call'
actionpack (5.1.1) lib/action_dispatch/middleware/debug_exceptions.rb:59:in `call'
web-console (3.5.1) lib/web_console/middleware.rb:135:in `call_app'
web-console (3.5.1) lib/web_console/middleware.rb:28:in `block in call'
web-console (3.5.1) lib/web_console/middleware.rb:18:in `catch'
web-console (3.5.1) lib/web_console/middleware.rb:18:in `call'
actionpack (5.1.1) lib/action_dispatch/middleware/show_exceptions.rb:31:in `call'
railties (5.1.1) lib/rails/rack/logger.rb:36:in `call_app'
railties (5.1.1) lib/rails/rack/logger.rb:24:in `block in call'
activesupport (5.1.1) lib/active_support/tagged_logging.rb:69:in `block in tagged'
activesupport (5.1.1) lib/active_support/tagged_logging.rb:26:in `tagged'
activesupport (5.1.1) lib/active_support/tagged_logging.rb:69:in `tagged'
railties (5.1.1) lib/rails/rack/logger.rb:24:in `call'
sprockets-rails (3.2.0) lib/sprockets/rails/quiet_assets.rb:13:in `call'
actionpack (5.1.1) lib/action_dispatch/middleware/remote_ip.rb:79:in `call'
actionpack (5.1.1) lib/action_dispatch/middleware/request_id.rb:25:in `call'
rack (2.0.3) lib/rack/method_override.rb:22:in `call'
rack (2.0.3) lib/rack/runtime.rb:22:in `call'
activesupport (5.1.1) lib/active_support/cache/strategy/local_cache_middleware.rb:27:in `call'
actionpack (5.1.1) lib/action_dispatch/middleware/executor.rb:12:in `call'
actionpack (5.1.1) lib/action_dispatch/middleware/static.rb:125:in `call'
rack (2.0.3) lib/rack/sendfile.rb:111:in `call'
railties (5.1.1) lib/rails/engine.rb:522:in `call'
puma (3.9.1) lib/puma/configuration.rb:224:in `call'
puma (3.9.1) lib/puma/server.rb:602:in `handle_request'
puma (3.9.1) lib/puma/server.rb:435:in `process_client'
puma (3.9.1) lib/puma/server.rb:299:in `block in run'
puma (3.9.1) lib/puma/thread_pool.rb:120:in `block in spawn_thread'
  [1m[35m (0.1ms)[0m  [1m[34mSELECT sqlite_version(*)[0m
  [1m[35m (78.2ms)[0m  [1m[35mCREATE TABLE "schema_migrations" ("version" varchar NOT NULL PRIMARY KEY)[0m
  [1m[35m (85.2ms)[0m  [1m[35mCREATE TABLE "ar_internal_metadata" ("key" varchar NOT NULL PRIMARY KEY, "value" varchar, "created_at" datetime NOT NULL, "updated_at" datetime NOT NULL)[0m
  [1m[35m (0.3ms)[0m  [1m[34mSELECT "schema_migrations"."version" FROM "schema_migrations" ORDER BY "schema_migrations"."version" ASC[0m
Migrating to CreateProducts (20170613171838)
  [1m[35m (0.1ms)[0m  [1m[36mbegin transaction[0m
  [1m[35m (0.8ms)[0m  [1m[35mCREATE TABLE "products" ("id" INTEGER PRIMARY KEY AUTOINCREMENT NOT NULL, "name" varchar, "description" text, "price_in_cents" integer, "created_at" datetime NOT NULL, "updated_at" datetime NOT NULL)[0m
  [1m[35mSQL (0.3ms)[0m  [1m[32mINSERT INTO "schema_migrations" ("version") VALUES (?)[0m  [["version", "20170613171838"]]
  [1m[35m (93.2ms)[0m  [1m[36mcommit transaction[0m
  [1m[36mActiveRecord::InternalMetadata Load (0.6ms)[0m  [1m[34mSELECT  "ar_internal_metadata".* FROM "ar_internal_metadata" WHERE "ar_internal_metadata"."key" = ? LIMIT ?[0m  [["key", "environment"], ["LIMIT", 1]]
  [1m[35m (0.2ms)[0m  [1m[36mbegin transaction[0m
  [1m[35mSQL (1.8ms)[0m  [1m[32mINSERT INTO "ar_internal_metadata" ("key", "value", "created_at", "updated_at") VALUES (?, ?, ?, ?)[0m  [["key", "environment"], ["value", "development"], ["created_at", "2017-06-14 17:25:14.566633"], ["updated_at", "2017-06-14 17:25:14.566633"]]
  [1m[35m (76.9ms)[0m  [1m[36mcommit transaction[0m
  [1m[35m (0.4ms)[0m  [1m[34mSELECT "schema_migrations"."version" FROM "schema_migrations" ORDER BY "schema_migrations"."version" ASC[0m
Started GET "/" for 127.0.0.1 at 2017-06-14 13:25:22 -0400
  [1m[35m (0.1ms)[0m  [1m[34mSELECT "schema_migrations"."version" FROM "schema_migrations" ORDER BY "schema_migrations"."version" ASC[0m
Processing by Rails::WelcomeController#index as HTML
  Rendering /home/sara/.rbenv/versions/2.4.0/lib/ruby/gems/2.4.0/gems/railties-5.1.1/lib/rails/templates/rails/welcome/index.html.erb
  Rendered /home/sara/.rbenv/versions/2.4.0/lib/ruby/gems/2.4.0/gems/railties-5.1.1/lib/rails/templates/rails/welcome/index.html.erb (7.1ms)
Completed 200 OK in 52ms (Views: 20.9ms | ActiveRecord: 0.0ms)


Started GET "/products" for 127.0.0.1 at 2017-06-14 13:25:32 -0400
Processing by ProductsController#index as HTML
  Rendering products/index.html.erb within layouts/application
  [1m[36mProduct Load (0.1ms)[0m  [1m[34mSELECT "products".* FROM "products"[0m
  Rendered products/index.html.erb within layouts/application (2.7ms)
Completed 200 OK in 527ms (Views: 518.5ms | ActiveRecord: 0.7ms)


Started GET "/products/new" for 127.0.0.1 at 2017-06-14 13:25:34 -0400
Processing by ProductsController#new as HTML
  Rendering products/new.html.erb within layouts/application
  Rendered products/_form.html.erb (166.3ms)
  Rendered products/new.html.erb within layouts/application (167.5ms)
Completed 500 Internal Server Error in 180ms (ActiveRecord: 0.6ms)


  
ActionView::Template::Error (undefined local variable or method `product' for #<#<Class:0x00562f1b420f40>:0x007f27a4891458>
Did you mean?  @product):
    1: <% if product.errors.any? %>
    2:   <div id="error_explanation">
    3:     <h2><%= pluralize(product.errors.count, "error") %> prohibited this product from being saved:</h2>
    4: 
  
app/views/products/_form.html.erb:1:in `_app_views_products__form_html_erb__2244154545114748765_69904120467540'
app/views/products/new.html.erb:3:in `_app_views_products_new_html_erb___2854253629304282395_69904120450840'
Started GET "/products/new" for 127.0.0.1 at 2017-06-14 13:26:10 -0400
Processing by ProductsController#new as HTML
  Rendering products/new.html.erb within layouts/application
  Rendered products/_form.html.erb (269.8ms)
  Rendered products/new.html.erb within layouts/application (271.4ms)
Completed 500 Internal Server Error in 284ms (ActiveRecord: 0.0ms)


  
ActionView::Template::Error (undefined local variable or method `product' for #<#<Class:0x00562f1b420f40>:0x007f2798a6fee8>
Did you mean?  @product):
    1: 
    2: 
    3: 
    4: <%= form_for(product) do |f| %>
    5:   <p>
    6:     <%= f.label :name %><br>
    7:     <%= f.text_field :name %>
  
app/views/products/_form.html.erb:4:in `_app_views_products__form_html_erb__2244154545114748765_69904020801960'
app/views/products/new.html.erb:13:in `_app_views_products_new_html_erb___2854253629304282395_69904020540220'
Started GET "/products/new" for 127.0.0.1 at 2017-06-14 13:27:43 -0400
Processing by ProductsController#new as HTML
  Rendering products/new.html.erb within layouts/application
  Rendered products/_form.html.erb (77.4ms) [cache miss]
  Rendered products/new.html.erb within layouts/application (78.8ms)
Completed 200 OK in 115ms (Views: 114.3ms | ActiveRecord: 0.0ms)


Started GET "/products/new" for 127.0.0.1 at 2017-06-14 13:28:36 -0400
Processing by ProductsController#new as HTML
  Rendering products/new.html.erb within layouts/application
  Rendered products/_form.html.erb (7.2ms) [cache miss]
  Rendered products/new.html.erb within layouts/application (11.8ms)
Completed 200 OK in 55ms (Views: 49.5ms | ActiveRecord: 0.0ms)


Started GET "/products" for 127.0.0.1 at 2017-06-14 13:28:39 -0400
Processing by ProductsController#index as HTML
  Rendering products/index.html.erb within layouts/application
  [1m[36mProduct Load (0.3ms)[0m  [1m[34mSELECT "products".* FROM "products"[0m
  Rendered products/index.html.erb within layouts/application (3.3ms)
Completed 200 OK in 37ms (Views: 33.7ms | ActiveRecord: 0.3ms)


Started GET "/products/edit" for 127.0.0.1 at 2017-06-14 13:29:20 -0400
Processing by ProductsController#show as HTML
  Parameters: {"id"=>"edit"}
  [1m[36mProduct Load (0.5ms)[0m  [1m[34mSELECT  "products".* FROM "products" WHERE "products"."id" = ? LIMIT ?[0m  [["id", 0], ["LIMIT", 1]]
Completed 404 Not Found in 74ms (ActiveRecord: 0.5ms)


  
ActiveRecord::RecordNotFound (Couldn't find Product with 'id'=edit):
  
app/controllers/products_controller.rb:8:in `show'
Started GET "/products" for 127.0.0.1 at 2017-06-14 13:29:36 -0400
Processing by ProductsController#index as HTML
  Rendering products/index.html.erb within layouts/application
  [1m[36mProduct Load (0.3ms)[0m  [1m[34mSELECT "products".* FROM "products"[0m
  Rendered products/index.html.erb within layouts/application (1.7ms)
Completed 200 OK in 21ms (Views: 18.5ms | ActiveRecord: 0.3ms)


  [1m[35m (0.1ms)[0m  [1m[34mSELECT "schema_migrations"."version" FROM "schema_migrations" ORDER BY "schema_migrations"."version" ASC[0m
  [1m[35m (0.1ms)[0m  [1m[36mbegin transaction[0m
  [1m[35mSQL (0.7ms)[0m  [1m[32mINSERT INTO "products" ("name", "description", "price_in_cents", "created_at", "updated_at") VALUES (?, ?, ?, ?, ?)[0m  [["name", "Sloth Repelant"], ["description", "Take the fast lane!"], ["price_in_cents", 1800], ["created_at", "2017-06-14 17:30:04.638603"], ["updated_at", "2017-06-14 17:30:04.638603"]]
  [1m[35m (82.2ms)[0m  [1m[36mcommit transaction[0m
  [1m[35m (0.2ms)[0m  [1m[36mbegin transaction[0m
  [1m[35mSQL (0.5ms)[0m  [1m[32mINSERT INTO "products" ("name", "description", "price_in_cents", "created_at", "updated_at") VALUES (?, ?, ?, ?, ?)[0m  [["name", "Snake Bite Kit"], ["description", "Ouch!"], ["price_in_cents", 2000], ["created_at", "2017-06-14 17:30:04.726331"], ["updated_at", "2017-06-14 17:30:04.726331"]]
  [1m[35m (77.0ms)[0m  [1m[36mcommit transaction[0m
  [1m[35m (0.1ms)[0m  [1m[36mbegin transaction[0m
  [1m[35mSQL (0.2ms)[0m  [1m[32mINSERT INTO "products" ("name", "description", "price_in_cents", "created_at", "updated_at") VALUES (?, ?, ?, ?, ?)[0m  [["name", "Rain Coat"], ["description", "Stay dry!"], ["price_in_cents", 1600], ["created_at", "2017-06-14 17:30:04.807586"], ["updated_at", "2017-06-14 17:30:04.807586"]]
  [1m[35m (64.3ms)[0m  [1m[36mcommit transaction[0m
Started GET "/products" for 127.0.0.1 at 2017-06-14 13:30:12 -0400
  [1m[35m (0.1ms)[0m  [1m[34mSELECT "schema_migrations"."version" FROM "schema_migrations" ORDER BY "schema_migrations"."version" ASC[0m
Processing by ProductsController#index as HTML
  Rendering products/index.html.erb within layouts/application
  [1m[36mProduct Load (0.2ms)[0m  [1m[34mSELECT "products".* FROM "products"[0m
  Rendered products/index.html.erb within layouts/application (9.2ms)
Completed 200 OK in 171ms (Views: 160.9ms | ActiveRecord: 0.6ms)


Started GET "/products/1" for 127.0.0.1 at 2017-06-14 13:30:15 -0400
Processing by ProductsController#show as HTML
  Parameters: {"id"=>"1"}
  [1m[36mProduct Load (0.5ms)[0m  [1m[34mSELECT  "products".* FROM "products" WHERE "products"."id" = ? LIMIT ?[0m  [["id", 1], ["LIMIT", 1]]
  Rendering products/show.html.erb within layouts/application
  Rendered products/show.html.erb within layouts/application (1.3ms)
Completed 200 OK in 26ms (Views: 17.6ms | ActiveRecord: 1.1ms)


Started GET "/products/1/edit" for 127.0.0.1 at 2017-06-14 13:30:17 -0400
Processing by ProductsController#edit as HTML
  Parameters: {"id"=>"1"}
  Rendering products/edit.html.erb within layouts/application
  Rendered products/_form.html.erb (175.2ms)
  Rendered products/edit.html.erb within layouts/application (177.1ms)
Completed 500 Internal Server Error in 183ms (ActiveRecord: 0.0ms)


  
ActionView::Template::Error (undefined local variable or method `product' for #<#<Class:0x00556f4b46ede8>:0x007fa8e8012988>
Did you mean?  product_url):
    1:  <% if product.errors.any? %>
    2:    <div id="error_explanation">
    3:      <h2><%= pluralize(product.errors.count, "error") %> prohibited this product from being saved:</h2>
    4: 
  
app/views/products/_form.html.erb:1:in `_app_views_products__form_html_erb___224706237324818073_70181711862900'
app/views/products/edit.html.erb:3:in `_app_views_products_edit_html_erb__1700486539397540093_70181711813000'
Started GET "/products/1/edit" for 127.0.0.1 at 2017-06-14 13:32:53 -0400
Processing by ProductsController#edit as HTML
  Parameters: {"id"=>"1"}
  Rendering products/edit.html.erb within layouts/application
  Rendered products/_errors.html.erb (2.6ms)
  Rendered products/edit.html.erb within layouts/application (3.8ms)
Completed 500 Internal Server Error in 8ms (ActiveRecord: 0.0ms)


  
ActionView::Template::Error (undefined method `errors' for nil:NilClass):
    1: <% if product.errors.any? %>
    2:   <div id="error_explanation">
    3:     <h2><%= pluralize(product.errors.count, "error") %> prohibited this product from being saved:</h2>
    4: 
  
app/views/products/_errors.html.erb:1:in `_app_views_products__errors_html_erb___3168326681291373715_70181788560320'
app/views/products/edit.html.erb:2:in `_app_views_products_edit_html_erb__1700486539397540093_70181788798960'
Started GET "/products/1/edit" for 127.0.0.1 at 2017-06-14 13:34:04 -0400
Processing by ProductsController#edit as HTML
  Parameters: {"id"=>"1"}
  Rendering products/edit.html.erb within layouts/application
  Rendered products/_errors.html.erb (2.6ms)
  Rendered products/edit.html.erb within layouts/application (3.5ms)
Completed 500 Internal Server Error in 6ms (ActiveRecord: 0.0ms)


  
ActionView::Template::Error (undefined method `errors' for nil:NilClass):
    1: <% if @product.errors.any? %>
    2:   <div id="error_explanation">
    3:     <h2><%= pluralize(@product.errors.count, "error") %> prohibited this product from being saved:</h2>
    4: 
  
app/views/products/_errors.html.erb:1:in `_app_views_products__errors_html_erb___3168326681291373715_70181711948440'
app/views/products/edit.html.erb:2:in `_app_views_products_edit_html_erb__1700486539397540093_70181712049340'
Started GET "/products/1/edit" for 127.0.0.1 at 2017-06-14 13:35:05 -0400
Processing by ProductsController#edit as HTML
  Parameters: {"id"=>"1"}
  Rendering products/edit.html.erb within layouts/application
  Rendered products/_errors.html.erb (3.8ms)
  Rendered products/edit.html.erb within layouts/application (6.0ms)
Completed 500 Internal Server Error in 17ms (ActiveRecord: 0.0ms)


  
ActionView::Template::Error (undefined method `errors' for nil:NilClass):
    1: <% if product.errors.any? %>
    2:   <div id="error_explanation">
    3:     <h2><%= pluralize(product.errors.count, "error") %> prohibited this product from being saved:</h2>
    4: 
  
app/views/products/_errors.html.erb:1:in `_app_views_products__errors_html_erb___3168326681291373715_70181712742880'
app/views/products/edit.html.erb:2:in `_app_views_products_edit_html_erb__1700486539397540093_70181712850780'
Started GET "/products/1/edit" for 127.0.0.1 at 2017-06-14 13:35:17 -0400
Processing by ProductsController#edit as HTML
  Parameters: {"id"=>"1"}
  Rendering products/edit.html.erb within layouts/application
  Rendered products/_errors.html.erb (5.8ms)
  Rendered products/edit.html.erb within layouts/application (9.3ms)
Completed 500 Internal Server Error in 18ms (ActiveRecord: 0.0ms)


  
ActionView::Template::Error (undefined method `errors' for nil:NilClass):
    1: <% if product.errors.any? %>
    2:   <div id="error_explanation">
    3:     <h2><%= pluralize(product.errors.count, "error") %> prohibited this product from being saved:</h2>
    4: 
  
app/views/products/_errors.html.erb:1:in `_app_views_products__errors_html_erb___3168326681291373715_70181713842600'
app/views/products/edit.html.erb:2:in `_app_views_products_edit_html_erb__1700486539397540093_70181714048620'
Started GET "/products/1/edit" for 127.0.0.1 at 2017-06-14 13:35:27 -0400
Processing by ProductsController#edit as HTML
  Parameters: {"id"=>"1"}
  Rendering products/edit.html.erb within layouts/application
  Rendered products/_errors.html.erb (4.5ms)
  Rendered products/edit.html.erb within layouts/application (6.6ms)
Completed 500 Internal Server Error in 13ms (ActiveRecord: 0.0ms)


  
ActionView::Template::Error (undefined method `errors' for nil:NilClass):
    1: <% if product.errors.any? %>
    2:   <div id="error_explanation">
    3:     <h2><%= pluralize(product.errors.count, "error") %> prohibited this product from being saved:</h2>
    4: 
  
app/views/products/_errors.html.erb:1:in `_app_views_products__errors_html_erb___3168326681291373715_70181714270480'
app/views/products/edit.html.erb:2:in `_app_views_products_edit_html_erb__1700486539397540093_70181713976900'
Started GET "/products/1/edit" for 127.0.0.1 at 2017-06-14 13:35:54 -0400
Processing by ProductsController#edit as HTML
  Parameters: {"id"=>"1"}
  Rendering products/edit.html.erb within layouts/application
  Rendered products/edit.html.erb within layouts/application (210.0ms)
Completed 500 Internal Server Error in 213ms (ActiveRecord: 0.0ms)


  
ActionView::Template::Error (undefined local variable or method `product' for #<#<Class:0x00556f4b46ede8>:0x007fa8e881e140>
Did you mean?  product_url):
    1: <h1>Edit Product</h1>
    2: <%= render 'errors', product: product %>
    3: <%= render 'form', product: @product %>
  
app/views/products/edit.html.erb:2:in `_app_views_products_edit_html_erb__1700486539397540093_70181716030820'
Started GET "/products/1/edit" for 127.0.0.1 at 2017-06-14 13:36:41 -0400
Processing by ProductsController#edit as HTML
  Parameters: {"id"=>"1"}
  Rendering products/edit.html.erb within layouts/application
  Rendered products/edit.html.erb within layouts/application (8.6ms)
Completed 500 Internal Server Error in 17ms (ActiveRecord: 0.0ms)


  
ActionView::Template::Error (undefined method `errors' for nil:NilClass):
    1: <h1>Edit Product</h1>
    2: <% if @product.errors.any? %>
    3:   <div id="error_explanation">
    4:     <h2><%= pluralize(@product.errors.count, "error") %> prohibited this product from being saved:</h2>
    5: 
  
app/views/products/edit.html.erb:2:in `_app_views_products_edit_html_erb__1700486539397540093_70181715626000'
Started GET "/products/1/edit" for 127.0.0.1 at 2017-06-14 13:37:06 -0400
  [1m[35m (0.1ms)[0m  [1m[34mSELECT "schema_migrations"."version" FROM "schema_migrations" ORDER BY "schema_migrations"."version" ASC[0m
Processing by ProductsController#edit as HTML
  Parameters: {"id"=>"1"}
  Rendering products/edit.html.erb within layouts/application
  Rendered products/edit.html.erb within layouts/application (2.6ms)
Completed 500 Internal Server Error in 13ms (ActiveRecord: 0.0ms)


  
ActionView::Template::Error (undefined method `errors' for nil:NilClass):
    1: <h1>Edit Product</h1>
    2: <% if @product.errors.any? %>
    3:   <div id="error_explanation">
    4:     <h2><%= pluralize(@product.errors.count, "error") %> prohibited this product from being saved:</h2>
    5: 
  
app/views/products/edit.html.erb:2:in `_app_views_products_edit_html_erb___4392940055560052229_47125529732860'
Started GET "/products/1/edit" for 127.0.0.1 at 2017-06-14 13:37:46 -0400
Processing by ProductsController#edit as HTML
  Parameters: {"id"=>"1"}
  Rendering products/edit.html.erb within layouts/application
  Rendered products/_form.html.erb (1.1ms)
  Rendered products/edit.html.erb within layouts/application (2.2ms)
Completed 500 Internal Server Error in 5ms (ActiveRecord: 0.0ms)


  
ActionView::Template::Error (First argument in form cannot contain nil or be empty):
    1: 
    2: <%= form_for(product) do |f| %>
    3:   <p>
    4:     <%= f.label :name %><br>
    5:     <%= f.text_field :name %>
  
app/views/products/_form.html.erb:2:in `_app_views_products__form_html_erb__328527156695849521_47125529260460'
app/views/products/edit.html.erb:4:in `_app_views_products_edit_html_erb___4392940055560052229_47125529404000'
Started GET "/products/1/edit" for 127.0.0.1 at 2017-06-14 13:42:55 -0400
  [1m[35m (0.2ms)[0m  [1m[34mSELECT "schema_migrations"."version" FROM "schema_migrations" ORDER BY "schema_migrations"."version" ASC[0m
Processing by ProductsController#edit as HTML
  Parameters: {"id"=>"1"}
  Rendering products/edit.html.erb within layouts/application
  Rendered products/_form.html.erb (1.9ms)
  Rendered products/edit.html.erb within layouts/application (3.9ms)
Completed 500 Internal Server Error in 14ms (ActiveRecord: 0.0ms)


  
ActionView::Template::Error (First argument in form cannot contain nil or be empty):
    1: 
    2: <%= form_for(product) do |f| %>
    3:   <p>
    4:     <%= f.label :name %><br>
    5:     <%= f.text_field :name %>
  
app/views/products/_form.html.erb:2:in `_app_views_products__form_html_erb___4310360309596100179_47059882965560'
app/views/products/edit.html.erb:4:in `_app_views_products_edit_html_erb__4027908486977769721_47059883520020'
Started GET "/products" for 127.0.0.1 at 2017-06-14 13:43:00 -0400
Processing by ProductsController#index as HTML
  Rendering products/index.html.erb within layouts/application
  [1m[36mProduct Load (0.7ms)[0m  [1m[34mSELECT "products".* FROM "products"[0m
  Rendered products/index.html.erb within layouts/application (38.4ms)
Completed 200 OK in 229ms (Views: 207.0ms | ActiveRecord: 4.1ms)


Started GET "/products/new" for 127.0.0.1 at 2017-06-14 13:43:04 -0400
Processing by ProductsController#new as HTML
  Rendering products/new.html.erb within layouts/application
  Rendered products/_form.html.erb (11.4ms) [cache miss]
  Rendered products/new.html.erb within layouts/application (13.7ms)
Completed 200 OK in 29ms (Views: 27.5ms | ActiveRecord: 0.0ms)


Started GET "/products/new" for 127.0.0.1 at 2017-06-14 13:43:19 -0400
Processing by ProductsController#new as HTML
  Rendering products/new.html.erb within layouts/application
  Rendered products/_form.html.erb (2.3ms) [cache miss]
  Rendered products/new.html.erb within layouts/application (3.2ms)
Completed 200 OK in 16ms (Views: 14.6ms | ActiveRecord: 0.0ms)


Started GET "/products" for 127.0.0.1 at 2017-06-14 13:49:03 -0400
  [1m[35m (0.1ms)[0m  [1m[34mSELECT "schema_migrations"."version" FROM "schema_migrations" ORDER BY "schema_migrations"."version" ASC[0m
Processing by ProductsController#index as HTML
  Rendering products/index.html.erb within layouts/application
  [1m[36mProduct Load (0.2ms)[0m  [1m[34mSELECT "products".* FROM "products"[0m
  Rendered products/index.html.erb within layouts/application (6.7ms)
Completed 200 OK in 164ms (Views: 154.0ms | ActiveRecord: 0.6ms)


Started GET "/products/1" for 127.0.0.1 at 2017-06-14 13:49:05 -0400
Processing by ProductsController#show as HTML
  Parameters: {"id"=>"1"}
  [1m[36mProduct Load (0.3ms)[0m  [1m[34mSELECT  "products".* FROM "products" WHERE "products"."id" = ? LIMIT ?[0m  [["id", 1], ["LIMIT", 1]]
  Rendering products/show.html.erb within layouts/application
  Rendered products/show.html.erb within layouts/application (1.0ms)
Completed 200 OK in 21ms (Views: 15.2ms | ActiveRecord: 0.9ms)


Started GET "/products/1/edit" for 127.0.0.1 at 2017-06-14 13:49:07 -0400
Processing by ProductsController#edit as HTML
  Parameters: {"id"=>"1"}
  [1m[36mProduct Load (0.2ms)[0m  [1m[34mSELECT  "products".* FROM "products" WHERE "products"."id" = ? LIMIT ?[0m  [["id", 1], ["LIMIT", 1]]
  Rendering products/edit.html.erb within layouts/application
  Rendered products/_form.html.erb (11.5ms) [cache miss]
  Rendered products/edit.html.erb within layouts/application (13.3ms)
Completed 200 OK in 29ms (Views: 26.3ms | ActiveRecord: 0.2ms)


Started PATCH "/products/1" for 127.0.0.1 at 2017-06-14 13:49:10 -0400
Processing by ProductsController#update as HTML
  Parameters: {"utf8"=>"✓", "authenticity_token"=>"rvKe8MjbrgSamLpZune+8uBjzvBk3yyWXlGhEy6FPSiucq1Wq9H8GOzBGBCUTYA+Dg+uGwkLo+KcsbsDP5ql4w==", "product"=>{"name"=>"Sloth Repelant", "description"=>"Take the fast lane!", "price_in_cents"=>"1800"}, "commit"=>"Save", "id"=>"1"}
Completed 500 Internal Server Error in 1ms (ActiveRecord: 0.0ms)


  
NameError (uninitialized constant ProductsController::Prodcut):
  
app/controllers/products_controller.rb:33:in `update'
Started PATCH "/products/1" for 127.0.0.1 at 2017-06-14 13:50:03 -0400
Processing by ProductsController#update as HTML
Started PATCH "/products/1" for 127.0.0.1 at 2017-06-14 13:50:13 -0400
  Parameters: {"utf8"=>"✓", "authenticity_token"=>"rvKe8MjbrgSamLpZune+8uBjzvBk3yyWXlGhEy6FPSiucq1Wq9H8GOzBGBCUTYA+Dg+uGwkLo+KcsbsDP5ql4w==", "product"=>{"name"=>"Sloth Repelant", "description"=>"Take the fast lane!", "price_in_cents"=>"1800"}, "commit"=>"Save", "id"=>"1"}
  [1m[36mProduct Load (0.2ms)[0m  [1m[34mSELECT  "products".* FROM "products" WHERE "products"."id" = ? LIMIT ?[0m  [["id", 1], ["LIMIT", 1]]
  [1m[35m (0.1ms)[0m  [1m[36mbegin transaction[0m
  [1m[35m (0.1ms)[0m  [1m[36mcommit transaction[0m
Redirected to http://localhost:3000/products/1
Completed 302 Found in 12ms (ActiveRecord: 1.1ms)


Processing by ProductsController#update as HTML
  Parameters: {"utf8"=>"✓", "authenticity_token"=>"2u8YIFkPGxAYEoG6BFzsLXZvjPFJ4zP/8OyMzV7KT79YZ8PVLTkQFl6wHjEjHNhdyauW0vVeuGS1jU6P6F5trA==", "product"=>{"name"=>"Sloth Repelant", "description"=>"Take the fast lane!", "price_in_cents"=>"1800"}, "commit"=>"Save", "id"=>"1"}
  [1m[36mProduct Load (0.2ms)[0m  [1m[34mSELECT  "products".* FROM "products" WHERE "products"."id" = ? LIMIT ?[0m  [["id", 1], ["LIMIT", 1]]
  [1m[35m (0.1ms)[0m  [1m[36mbegin transaction[0m
  [1m[35m (0.1ms)[0m  [1m[36mcommit transaction[0m
Redirected to http://localhost:3000/products/1
Completed 302 Found in 13ms (ActiveRecord: 1.0ms)


Started GET "/products/1" for 127.0.0.1 at 2017-06-14 13:50:13 -0400
Processing by ProductsController#show as HTML
  Parameters: {"id"=>"1"}
  [1m[36mProduct Load (0.1ms)[0m  [1m[34mSELECT  "products".* FROM "products" WHERE "products"."id" = ? LIMIT ?[0m  [["id", 1], ["LIMIT", 1]]
  Rendering products/show.html.erb within layouts/application
  Rendered products/show.html.erb within layouts/application (0.6ms)
Completed 200 OK in 12ms (Views: 10.5ms | ActiveRecord: 0.1ms)


Started GET "/" for 127.0.0.1 at 2017-06-14 13:53:56 -0400
  [1m[35m (0.1ms)[0m  [1m[34mSELECT "schema_migrations"."version" FROM "schema_migrations" ORDER BY "schema_migrations"."version" ASC[0m
  
ActionController::RoutingError (uninitialized constant HomeController):
  
activesupport (5.1.1) lib/active_support/inflector/methods.rb:269:in `const_get'
activesupport (5.1.1) lib/active_support/inflector/methods.rb:269:in `block in constantize'
activesupport (5.1.1) lib/active_support/inflector/methods.rb:267:in `each'
activesupport (5.1.1) lib/active_support/inflector/methods.rb:267:in `inject'
activesupport (5.1.1) lib/active_support/inflector/methods.rb:267:in `constantize'
actionpack (5.1.1) lib/action_dispatch/http/request.rb:82:in `controller_class'
actionpack (5.1.1) lib/action_dispatch/routing/route_set.rb:43:in `controller'
actionpack (5.1.1) lib/action_dispatch/routing/route_set.rb:29:in `serve'
actionpack (5.1.1) lib/action_dispatch/journey/router.rb:46:in `block in serve'
actionpack (5.1.1) lib/action_dispatch/journey/router.rb:33:in `each'
actionpack (5.1.1) lib/action_dispatch/journey/router.rb:33:in `serve'
actionpack (5.1.1) lib/action_dispatch/routing/route_set.rb:832:in `call'
rack (2.0.3) lib/rack/etag.rb:25:in `call'
rack (2.0.3) lib/rack/conditional_get.rb:25:in `call'
rack (2.0.3) lib/rack/head.rb:12:in `call'
rack (2.0.3) lib/rack/session/abstract/id.rb:232:in `context'
rack (2.0.3) lib/rack/session/abstract/id.rb:226:in `call'
actionpack (5.1.1) lib/action_dispatch/middleware/cookies.rb:613:in `call'
activerecord (5.1.1) lib/active_record/migration.rb:556:in `call'
actionpack (5.1.1) lib/action_dispatch/middleware/callbacks.rb:26:in `block in call'
activesupport (5.1.1) lib/active_support/callbacks.rb:97:in `run_callbacks'
actionpack (5.1.1) lib/action_dispatch/middleware/callbacks.rb:24:in `call'
actionpack (5.1.1) lib/action_dispatch/middleware/executor.rb:12:in `call'
actionpack (5.1.1) lib/action_dispatch/middleware/debug_exceptions.rb:59:in `call'
web-console (3.5.1) lib/web_console/middleware.rb:135:in `call_app'
web-console (3.5.1) lib/web_console/middleware.rb:28:in `block in call'
web-console (3.5.1) lib/web_console/middleware.rb:18:in `catch'
web-console (3.5.1) lib/web_console/middleware.rb:18:in `call'
actionpack (5.1.1) lib/action_dispatch/middleware/show_exceptions.rb:31:in `call'
railties (5.1.1) lib/rails/rack/logger.rb:36:in `call_app'
railties (5.1.1) lib/rails/rack/logger.rb:24:in `block in call'
activesupport (5.1.1) lib/active_support/tagged_logging.rb:69:in `block in tagged'
activesupport (5.1.1) lib/active_support/tagged_logging.rb:26:in `tagged'
activesupport (5.1.1) lib/active_support/tagged_logging.rb:69:in `tagged'
railties (5.1.1) lib/rails/rack/logger.rb:24:in `call'
sprockets-rails (3.2.0) lib/sprockets/rails/quiet_assets.rb:13:in `call'
actionpack (5.1.1) lib/action_dispatch/middleware/remote_ip.rb:79:in `call'
actionpack (5.1.1) lib/action_dispatch/middleware/request_id.rb:25:in `call'
rack (2.0.3) lib/rack/method_override.rb:22:in `call'
rack (2.0.3) lib/rack/runtime.rb:22:in `call'
activesupport (5.1.1) lib/active_support/cache/strategy/local_cache_middleware.rb:27:in `call'
actionpack (5.1.1) lib/action_dispatch/middleware/executor.rb:12:in `call'
actionpack (5.1.1) lib/action_dispatch/middleware/static.rb:125:in `call'
rack (2.0.3) lib/rack/sendfile.rb:111:in `call'
railties (5.1.1) lib/rails/engine.rb:522:in `call'
puma (3.9.1) lib/puma/configuration.rb:224:in `call'
puma (3.9.1) lib/puma/server.rb:602:in `handle_request'
puma (3.9.1) lib/puma/server.rb:435:in `process_client'
puma (3.9.1) lib/puma/server.rb:299:in `block in run'
puma (3.9.1) lib/puma/thread_pool.rb:120:in `block in spawn_thread'
Started GET "/" for 127.0.0.1 at 2017-06-14 13:54:33 -0400
  [1m[35m (0.1ms)[0m  [1m[34mSELECT "schema_migrations"."version" FROM "schema_migrations" ORDER BY "schema_migrations"."version" ASC[0m
Processing by ProductsController#index as HTML
  Rendering products/index.html.erb within layouts/application
  [1m[36mProduct Load (0.1ms)[0m  [1m[34mSELECT "products".* FROM "products"[0m
  Rendered products/index.html.erb within layouts/application (7.2ms)
Completed 200 OK in 165ms (Views: 154.3ms | ActiveRecord: 0.6ms)


Started GET "/" for 127.0.0.1 at 2017-06-14 14:01:16 -0400
  [1m[35m (0.1ms)[0m  [1m[34mSELECT "schema_migrations"."version" FROM "schema_migrations" ORDER BY "schema_migrations"."version" ASC[0m
Processing by ProductsController#index as HTML
  Rendering products/index.html.erb within layouts/application
  [1m[36mProduct Load (0.2ms)[0m  [1m[34mSELECT "products".* FROM "products"[0m
  Rendered products/index.html.erb within layouts/application (7.1ms)
Completed 200 OK in 118ms (Views: 108.6ms | ActiveRecord: 0.6ms)


Started GET "/" for 127.0.0.1 at 2017-06-14 14:01:19 -0400
Processing by ProductsController#index as HTML
  Rendering products/index.html.erb within layouts/application
  [1m[36mProduct Load (0.2ms)[0m  [1m[34mSELECT "products".* FROM "products"[0m
  Rendered products/index.html.erb within layouts/application (3.4ms)
Completed 200 OK in 16ms (Views: 14.3ms | ActiveRecord: 0.7ms)


Started GET "/" for 127.0.0.1 at 2017-06-14 14:01:28 -0400
Processing by ProductsController#index as HTML
  Rendering products/index.html.erb within layouts/application
  [1m[36mProduct Load (0.2ms)[0m  [1m[34mSELECT "products".* FROM "products"[0m
  Rendered products/index.html.erb within layouts/application (1.6ms)
Completed 200 OK in 13ms (Views: 12.0ms | ActiveRecord: 0.2ms)


Started GET "/" for 127.0.0.1 at 2017-06-14 14:01:29 -0400
Processing by ProductsController#index as HTML
  Rendering products/index.html.erb within layouts/application
  [1m[36mProduct Load (0.8ms)[0m  [1m[34mSELECT "products".* FROM "products"[0m
  Rendered products/index.html.erb within layouts/application (7.5ms)
Completed 200 OK in 70ms (Views: 65.9ms | ActiveRecord: 0.8ms)


Started GET "/products/1" for 127.0.0.1 at 2017-06-14 14:01:32 -0400
Processing by ProductsController#show as HTML
  Parameters: {"id"=>"1"}
  [1m[36mProduct Load (0.3ms)[0m  [1m[34mSELECT  "products".* FROM "products" WHERE "products"."id" = ? LIMIT ?[0m  [["id", 1], ["LIMIT", 1]]
  Rendering products/show.html.erb within layouts/application
  Rendered products/show.html.erb within layouts/application (1.4ms)
Completed 200 OK in 24ms (Views: 17.0ms | ActiveRecord: 0.3ms)


Started GET "/" for 127.0.0.1 at 2017-06-14 14:01:34 -0400
Processing by ProductsController#index as HTML
  Rendering products/index.html.erb within layouts/application
  [1m[36mProduct Load (0.3ms)[0m  [1m[34mSELECT "products".* FROM "products"[0m
  Rendered products/index.html.erb within layouts/application (2.8ms)
Completed 200 OK in 27ms (Views: 23.3ms | ActiveRecord: 0.3ms)


Started GET "/products/2" for 127.0.0.1 at 2017-06-14 14:01:35 -0400
Processing by ProductsController#show as HTML
  Parameters: {"id"=>"2"}
  [1m[36mProduct Load (0.4ms)[0m  [1m[34mSELECT  "products".* FROM "products" WHERE "products"."id" = ? LIMIT ?[0m  [["id", 2], ["LIMIT", 1]]
  Rendering products/show.html.erb within layouts/application
  Rendered products/show.html.erb within layouts/application (2.6ms)
Completed 200 OK in 50ms (Views: 45.0ms | ActiveRecord: 0.4ms)


Started GET "/" for 127.0.0.1 at 2017-06-14 14:01:36 -0400
Processing by ProductsController#index as HTML
  Rendering products/index.html.erb within layouts/application
  [1m[36mProduct Load (0.4ms)[0m  [1m[34mSELECT "products".* FROM "products"[0m
  Rendered products/index.html.erb within layouts/application (5.9ms)
Completed 200 OK in 35ms (Views: 31.7ms | ActiveRecord: 0.4ms)


Started GET "/" for 127.0.0.1 at 2017-06-14 14:01:39 -0400
Processing by ProductsController#index as HTML
  Rendering products/index.html.erb within layouts/application
  [1m[36mProduct Load (0.6ms)[0m  [1m[34mSELECT "products".* FROM "products"[0m
  Rendered products/index.html.erb within layouts/application (7.4ms)
Completed 200 OK in 57ms (Views: 51.6ms | ActiveRecord: 0.6ms)


Started GET "/" for 127.0.0.1 at 2017-06-14 14:01:40 -0400
Processing by ProductsController#index as HTML
  Rendering products/index.html.erb within layouts/application
  [1m[36mProduct Load (0.7ms)[0m  [1m[34mSELECT "products".* FROM "products"[0m
  Rendered products/index.html.erb within layouts/application (6.9ms)
Completed 200 OK in 51ms (Views: 46.7ms | ActiveRecord: 0.7ms)


Started GET "/products/2" for 127.0.0.1 at 2017-06-14 14:01:42 -0400
Processing by ProductsController#show as HTML
  Parameters: {"id"=>"2"}
  [1m[36mProduct Load (0.2ms)[0m  [1m[34mSELECT  "products".* FROM "products" WHERE "products"."id" = ? LIMIT ?[0m  [["id", 2], ["LIMIT", 1]]
  Rendering products/show.html.erb within layouts/application
  Rendered products/show.html.erb within layouts/application (1.5ms)
Completed 200 OK in 33ms (Views: 29.3ms | ActiveRecord: 0.2ms)


Started GET "/products/2" for 127.0.0.1 at 2017-06-14 14:07:10 -0400
Processing by ProductsController#show as HTML
  Parameters: {"id"=>"2"}
  [1m[36mProduct Load (0.4ms)[0m  [1m[34mSELECT  "products".* FROM "products" WHERE "products"."id" = ? LIMIT ?[0m  [["id", 2], ["LIMIT", 1]]
  Rendering products/show.html.erb within layouts/application
  Rendered products/show.html.erb within layouts/application (1.7ms)
Completed 200 OK in 42ms (Views: 39.3ms | ActiveRecord: 0.4ms)


Started GET "/products/2/edit" for 127.0.0.1 at 2017-06-14 14:07:12 -0400
Processing by ProductsController#edit as HTML
  Parameters: {"id"=>"2"}
  [1m[36mProduct Load (0.4ms)[0m  [1m[34mSELECT  "products".* FROM "products" WHERE "products"."id" = ? LIMIT ?[0m  [["id", 2], ["LIMIT", 1]]
  Rendering products/edit.html.erb within layouts/application
  Rendered products/_form.html.erb (24.5ms) [cache miss]
  Rendered products/edit.html.erb within layouts/application (27.2ms)
Completed 200 OK in 48ms (Views: 43.5ms | ActiveRecord: 0.4ms)


Started PATCH "/products/2" for 127.0.0.1 at 2017-06-14 14:07:13 -0400
Processing by ProductsController#update as HTML
  Parameters: {"utf8"=>"✓", "authenticity_token"=>"aZc91IqydEbFV/rLFs1ZamNp1eQ/FqV49O9scCfIyLeQRdN+1vKS/0yavTM4NIBSeLDoJOZxepKhiFyySgTWlw==", "product"=>{"name"=>"Snake Bite Kit", "description"=>"Ouch!", "price_in_cents"=>"2000"}, "commit"=>"Save", "id"=>"2"}
  [1m[36mProduct Load (0.2ms)[0m  [1m[34mSELECT  "products".* FROM "products" WHERE "products"."id" = ? LIMIT ?[0m  [["id", 2], ["LIMIT", 1]]
  [1m[35m (0.1ms)[0m  [1m[36mbegin transaction[0m
  [1m[35m (0.1ms)[0m  [1m[36mcommit transaction[0m
Redirected to http://localhost:3000/products/2
Completed 302 Found in 5ms (ActiveRecord: 0.3ms)


Started GET "/products/2" for 127.0.0.1 at 2017-06-14 14:07:13 -0400
Processing by ProductsController#show as HTML
  Parameters: {"id"=>"2"}
  [1m[36mProduct Load (0.1ms)[0m  [1m[34mSELECT  "products".* FROM "products" WHERE "products"."id" = ? LIMIT ?[0m  [["id", 2], ["LIMIT", 1]]
  Rendering products/show.html.erb within layouts/application
  Rendered products/show.html.erb within layouts/application (1.2ms)
Completed 200 OK in 21ms (Views: 19.3ms | ActiveRecord: 0.1ms)


Started GET "/" for 127.0.0.1 at 2017-06-14 14:07:17 -0400
Processing by ProductsController#index as HTML
  Rendering products/index.html.erb within layouts/application
  [1m[36mProduct Load (0.3ms)[0m  [1m[34mSELECT "products".* FROM "products"[0m
  Rendered products/index.html.erb within layouts/application (5.7ms)
Completed 200 OK in 42ms (Views: 36.9ms | ActiveRecord: 0.3ms)


Started GET "/" for 127.0.0.1 at 2017-06-14 14:10:00 -0400
Processing by ProductsController#index as HTML
  Rendering products/index.html.erb within layouts/application
  [1m[36mProduct Load (0.2ms)[0m  [1m[34mSELECT "products".* FROM "products"[0m
  Rendered products/index.html.erb within layouts/application (8.6ms)
Completed 200 OK in 46ms (Views: 24.5ms | ActiveRecord: 1.7ms)


Started GET "/products/new" for 127.0.0.1 at 2017-06-14 14:10:02 -0400
Processing by ProductsController#new as HTML
  Rendering products/new.html.erb within layouts/application
  Rendered products/_form.html.erb (3.5ms) [cache miss]
  Rendered products/new.html.erb within layouts/application (5.2ms)
Completed 200 OK in 24ms (Views: 21.5ms | ActiveRecord: 0.0ms)


Started POST "/products" for 127.0.0.1 at 2017-06-14 14:10:31 -0400
Processing by ProductsController#create as HTML
  Parameters: {"utf8"=>"✓", "authenticity_token"=>"38XqDMfQS1aphVdCW30Mz3YRWlVvSg2O24pdsbrOR+bReSS/OfzROYhewq1//iRKWZmcMgsxe50EofQJQ8ZP4w==", "product"=>{"name"=>"boots", "description"=>"keep feet warm and dry", "price_in_cents"=>"30000"}, "commit"=>"Save"}
  [1m[35m (0.3ms)[0m  [1m[36mbegin transaction[0m
  [1m[35mSQL (0.4ms)[0m  [1m[32mINSERT INTO "products" ("name", "description", "price_in_cents", "created_at", "updated_at") VALUES (?, ?, ?, ?, ?)[0m  [["name", "boots"], ["description", "keep feet warm and dry"], ["price_in_cents", 30000], ["created_at", "2017-06-14 18:10:31.209850"], ["updated_at", "2017-06-14 18:10:31.209850"]]
  [1m[35m (203.0ms)[0m  [1m[36mcommit transaction[0m
  [1m[35m (0.1ms)[0m  [1m[36mbegin transaction[0m
  [1m[35m (0.1ms)[0m  [1m[36mcommit transaction[0m
Redirected to http://localhost:3000/products
Completed 302 Found in 211ms (ActiveRecord: 203.9ms)


Started GET "/products" for 127.0.0.1 at 2017-06-14 14:10:31 -0400
Processing by ProductsController#index as HTML
  Rendering products/index.html.erb within layouts/application
  [1m[36mProduct Load (0.3ms)[0m  [1m[34mSELECT "products".* FROM "products"[0m
  Rendered products/index.html.erb within layouts/application (1.9ms)
Completed 200 OK in 16ms (Views: 15.2ms | ActiveRecord: 0.3ms)


Started GET "/products/4" for 127.0.0.1 at 2017-06-14 14:10:34 -0400
Processing by ProductsController#show as HTML
  Parameters: {"id"=>"4"}
  [1m[36mProduct Load (0.2ms)[0m  [1m[34mSELECT  "products".* FROM "products" WHERE "products"."id" = ? LIMIT ?[0m  [["id", 4], ["LIMIT", 1]]
  Rendering products/show.html.erb within layouts/application
  Rendered products/show.html.erb within layouts/application (0.7ms)
Completed 200 OK in 19ms (Views: 16.4ms | ActiveRecord: 0.2ms)


Started DELETE "/products/4" for 127.0.0.1 at 2017-06-14 14:10:38 -0400
Processing by ProductsController#destroy as HTML
  Parameters: {"authenticity_token"=>"s1iAregKCOZdf5nOg/I/W/xOqNXVq/VvfxmYsL2xaLgx0FtYnDwD4BvdBkWksgsrQ4qy9mkWfvQ6eFryCyVKqw==", "id"=>"4"}
  [1m[36mProduct Load (0.1ms)[0m  [1m[34mSELECT  "products".* FROM "products" WHERE "products"."id" = ? LIMIT ?[0m  [["id", 4], ["LIMIT", 1]]
  [1m[35m (0.1ms)[0m  [1m[36mbegin transaction[0m
  [1m[35mSQL (0.2ms)[0m  [1m[31mDELETE FROM "products" WHERE "products"."id" = ?[0m  [["id", 4]]
  [1m[35m (75.0ms)[0m  [1m[36mcommit transaction[0m
Redirected to http://localhost:3000/products
Completed 302 Found in 86ms (ActiveRecord: 75.4ms)


Started GET "/products" for 127.0.0.1 at 2017-06-14 14:10:38 -0400
Processing by ProductsController#index as HTML
  Rendering products/index.html.erb within layouts/application
  [1m[36mProduct Load (0.4ms)[0m  [1m[34mSELECT "products".* FROM "products"[0m
  Rendered products/index.html.erb within layouts/application (2.5ms)
Completed 200 OK in 22ms (Views: 20.3ms | ActiveRecord: 0.4ms)


Started GET "/products" for 127.0.0.1 at 2017-06-14 14:13:48 -0400
Processing by ProductsController#index as HTML
  Rendering products/index.html.erb within layouts/application
  [1m[36mProduct Load (0.1ms)[0m  [1m[34mSELECT "products".* FROM "products"[0m
  Rendered products/index.html.erb within layouts/application (10.4ms)
Completed 200 OK in 28ms (Views: 24.5ms | ActiveRecord: 1.0ms)


Started GET "/" for 127.0.0.1 at 2017-06-14 14:17:58 -0400
  [1m[35m (0.1ms)[0m  [1m[34mSELECT "schema_migrations"."version" FROM "schema_migrations" ORDER BY "schema_migrations"."version" ASC[0m
Processing by ProductsController#index as HTML
  Rendering products/index.html.erb within layouts/application
  [1m[36mProduct Load (0.2ms)[0m  [1m[34mSELECT "products".* FROM "products"[0m
  Rendered products/index.html.erb within layouts/application (7.6ms)
Started GET "/" for 127.0.0.1 at 2017-06-14 14:18:01 -0400
Processing by ProductsController#index as HTML
  Rendering products/index.html.erb within layouts/application
  [1m[36mProduct Load (0.1ms)[0m  [1m[34mSELECT "products".* FROM "products"[0m
  Rendered products/index.html.erb within layouts/application (2.2ms)
Completed 200 OK in 3723ms (Views: 3709.9ms | ActiveRecord: 0.6ms)


Completed 200 OK in 1184ms (Views: 1181.5ms | ActiveRecord: 0.3ms)


Started GET "/" for 127.0.0.1 at 2017-06-14 14:18:03 -0400
Processing by ProductsController#index as HTML
  Rendering products/index.html.erb within layouts/application
  [1m[36mProduct Load (0.2ms)[0m  [1m[34mSELECT "products".* FROM "products"[0m
  Rendered products/index.html.erb within layouts/application (1.5ms)
Completed 200 OK in 17ms (Views: 14.9ms | ActiveRecord: 0.2ms)


Started GET "/products/1" for 127.0.0.1 at 2017-06-14 14:18:10 -0400
Processing by ProductsController#show as HTML
  Parameters: {"id"=>"1"}
  [1m[36mProduct Load (0.2ms)[0m  [1m[34mSELECT  "products".* FROM "products" WHERE "products"."id" = ? LIMIT ?[0m  [["id", 1], ["LIMIT", 1]]
  Rendering products/show.html.erb within layouts/application
  Rendered products/show.html.erb within layouts/application (0.9ms)
Completed 200 OK in 39ms (Views: 34.5ms | ActiveRecord: 0.2ms)


Started GET "/products/1/edit" for 127.0.0.1 at 2017-06-14 14:18:12 -0400
Processing by ProductsController#edit as HTML
  Parameters: {"id"=>"1"}
  [1m[36mProduct Load (0.3ms)[0m  [1m[34mSELECT  "products".* FROM "products" WHERE "products"."id" = ? LIMIT ?[0m  [["id", 1], ["LIMIT", 1]]
  Rendering products/edit.html.erb within layouts/application
  Rendered products/_form.html.erb (27.2ms) [cache miss]
  Rendered products/edit.html.erb within layouts/application (30.0ms)
Completed 200 OK in 56ms (Views: 52.4ms | ActiveRecord: 0.3ms)


Started GET "/" for 127.0.0.1 at 2017-06-14 14:18:15 -0400
Processing by ProductsController#index as HTML
  Rendering products/index.html.erb within layouts/application
  [1m[36mProduct Load (0.1ms)[0m  [1m[34mSELECT "products".* FROM "products"[0m
  Rendered products/index.html.erb within layouts/application (1.5ms)
Completed 200 OK in 24ms (Views: 20.7ms | ActiveRecord: 0.1ms)


  [1m[35m (0.1ms)[0m  [1m[34mSELECT "schema_migrations"."version" FROM "schema_migrations" ORDER BY "schema_migrations"."version" ASC[0m
Migrating to CreateReviews (20170614182332)
  [1m[35m (0.1ms)[0m  [1m[36mbegin transaction[0m
  [1m[35m (0.1ms)[0m  [1m[34mSELECT sqlite_version(*)[0m
  [1m[35m (0.4ms)[0m  [1m[35mCREATE TABLE "reviews" ("id" INTEGER PRIMARY KEY AUTOINCREMENT NOT NULL, "created_at" datetime NOT NULL, "updated_at" datetime NOT NULL)[0m
  [1m[35mSQL (0.2ms)[0m  [1m[32mINSERT INTO "schema_migrations" ("version") VALUES (?)[0m  [["version", "20170614182332"]]
  [1m[35m (0.6ms)[0m  [1m[36mcommit transaction[0m
  [1m[36mActiveRecord::InternalMetadata Load (0.1ms)[0m  [1m[34mSELECT  "ar_internal_metadata".* FROM "ar_internal_metadata" WHERE "ar_internal_metadata"."key" = ? LIMIT ?[0m  [["key", "environment"], ["LIMIT", 1]]
  [1m[35m (0.1ms)[0m  [1m[36mbegin transaction[0m
  [1m[35m (0.0ms)[0m  [1m[36mcommit transaction[0m
  [1m[35m (0.2ms)[0m  [1m[34mSELECT "schema_migrations"."version" FROM "schema_migrations" ORDER BY "schema_migrations"."version" ASC[0m
  [1m[35m (0.1ms)[0m  [1m[34mSELECT "schema_migrations"."version" FROM "schema_migrations" ORDER BY "schema_migrations"."version" ASC[0m
Migrating to AddToReviewTable (20170614182736)
  [1m[35m (0.0ms)[0m  [1m[36mbegin transaction[0m
  [1m[35m (0.0ms)[0m  [1m[31mrollback transaction[0m
  [1m[35m (0.1ms)[0m  [1m[34mSELECT "schema_migrations"."version" FROM "schema_migrations" ORDER BY "schema_migrations"."version" ASC[0m
Migrating to AddToReviewTable (20170614182736)
  [1m[35m (0.0ms)[0m  [1m[36mbegin transaction[0m
  [1m[35m (0.4ms)[0m  [1m[35mALTER TABLE "reviews" ADD "procuct_id" integer[0m
  [1m[35m (0.1ms)[0m  [1m[35mALTER TABLE "reviews" ADD "comment" text[0m
  [1m[35m (0.1ms)[0m  [1m[35mALTER TABLE "reviews" ADD "rating" integer[0m
  [1m[35mSQL (0.2ms)[0m  [1m[32mINSERT INTO "schema_migrations" ("version") VALUES (?)[0m  [["version", "20170614182736"]]
  [1m[35m (6.0ms)[0m  [1m[36mcommit transaction[0m
  [1m[36mActiveRecord::InternalMetadata Load (0.2ms)[0m  [1m[34mSELECT  "ar_internal_metadata".* FROM "ar_internal_metadata" WHERE "ar_internal_metadata"."key" = ? LIMIT ?[0m  [["key", "environment"], ["LIMIT", 1]]
  [1m[35m (0.1ms)[0m  [1m[36mbegin transaction[0m
  [1m[35m (0.0ms)[0m  [1m[36mcommit transaction[0m
  [1m[35m (0.1ms)[0m  [1m[34mSELECT "schema_migrations"."version" FROM "schema_migrations" ORDER BY "schema_migrations"."version" ASC[0m
  [1m[35m (0.2ms)[0m  [1m[34mSELECT "schema_migrations"."version" FROM "schema_migrations" ORDER BY "schema_migrations"."version" ASC[0m
  [1m[35m (0.1ms)[0m  [1m[34mSELECT "schema_migrations"."version" FROM "schema_migrations" ORDER BY "schema_migrations"."version" ASC[0m
Migrating to AddToReviewTable (20170614182736)
  [1m[35m (0.1ms)[0m  [1m[36mbegin transaction[0m
  [1m[35m (0.1ms)[0m  [1m[34mSELECT sqlite_version(*)[0m
  [1m[35m (0.3ms)[0m  [1m[35mCREATE TEMPORARY TABLE "areviews" ("id" INTEGER PRIMARY KEY AUTOINCREMENT NOT NULL, "created_at" datetime NOT NULL, "updated_at" datetime NOT NULL, "procuct_id" integer DEFAULT NULL, "comment" text DEFAULT NULL, "rating" integer DEFAULT NULL)[0m
  [1m[35m (0.1ms)[0m  [1m[32mINSERT INTO "areviews" ("id","created_at","updated_at","procuct_id","comment","rating")
                     SELECT "id","created_at","updated_at","procuct_id","comment","rating" FROM "reviews"[0m
  [1m[35m (0.3ms)[0m  [1m[35mDROP TABLE "reviews"[0m
  [1m[35m (0.1ms)[0m  [1m[35mCREATE TABLE "reviews" ("id" INTEGER PRIMARY KEY AUTOINCREMENT NOT NULL, "created_at" datetime NOT NULL, "updated_at" datetime NOT NULL, "procuct_id" integer DEFAULT NULL, "comment" text DEFAULT NULL)[0m
  [1m[35m (0.1ms)[0m  [1m[32mINSERT INTO "reviews" ("id","created_at","updated_at","procuct_id","comment")
                     SELECT "id","created_at","updated_at","procuct_id","comment" FROM "areviews"[0m
  [1m[35m (0.1ms)[0m  [1m[35mDROP TABLE "areviews"[0m
  [1m[35m (0.1ms)[0m  [1m[35mCREATE TEMPORARY TABLE "areviews" ("id" INTEGER PRIMARY KEY AUTOINCREMENT NOT NULL, "created_at" datetime NOT NULL, "updated_at" datetime NOT NULL, "procuct_id" integer DEFAULT NULL, "comment" text DEFAULT NULL)[0m
  [1m[35m (0.1ms)[0m  [1m[32mINSERT INTO "areviews" ("id","created_at","updated_at","procuct_id","comment")
                     SELECT "id","created_at","updated_at","procuct_id","comment" FROM "reviews"[0m
  [1m[35m (0.1ms)[0m  [1m[35mDROP TABLE "reviews"[0m
  [1m[35m (0.1ms)[0m  [1m[35mCREATE TABLE "reviews" ("id" INTEGER PRIMARY KEY AUTOINCREMENT NOT NULL, "created_at" datetime NOT NULL, "updated_at" datetime NOT NULL, "procuct_id" integer DEFAULT NULL)[0m
  [1m[35m (0.1ms)[0m  [1m[32mINSERT INTO "reviews" ("id","created_at","updated_at","procuct_id")
                     SELECT "id","created_at","updated_at","procuct_id" FROM "areviews"[0m
  [1m[35m (0.1ms)[0m  [1m[35mDROP TABLE "areviews"[0m
  [1m[35m (0.1ms)[0m  [1m[35mCREATE TEMPORARY TABLE "areviews" ("id" INTEGER PRIMARY KEY AUTOINCREMENT NOT NULL, "created_at" datetime NOT NULL, "updated_at" datetime NOT NULL, "procuct_id" integer DEFAULT NULL)[0m
  [1m[35m (0.1ms)[0m  [1m[32mINSERT INTO "areviews" ("id","created_at","updated_at","procuct_id")
                     SELECT "id","created_at","updated_at","procuct_id" FROM "reviews"[0m
  [1m[35m (0.1ms)[0m  [1m[35mDROP TABLE "reviews"[0m
  [1m[35m (0.1ms)[0m  [1m[35mCREATE TABLE "reviews" ("id" INTEGER PRIMARY KEY AUTOINCREMENT NOT NULL, "created_at" datetime NOT NULL, "updated_at" datetime NOT NULL)[0m
  [1m[35m (0.2ms)[0m  [1m[32mINSERT INTO "reviews" ("id","created_at","updated_at")
                     SELECT "id","created_at","updated_at" FROM "areviews"[0m
  [1m[35m (0.2ms)[0m  [1m[35mDROP TABLE "areviews"[0m
  [1m[35mSQL (0.2ms)[0m  [1m[31mDELETE FROM "schema_migrations" WHERE "schema_migrations"."version" = ?[0m  [["version", "20170614182736"]]
  [1m[35m (1.0ms)[0m  [1m[36mcommit transaction[0m
  [1m[35m (0.2ms)[0m  [1m[34mSELECT "schema_migrations"."version" FROM "schema_migrations" ORDER BY "schema_migrations"."version" ASC[0m
  [1m[35m (0.1ms)[0m  [1m[34mSELECT "schema_migrations"."version" FROM "schema_migrations" ORDER BY "schema_migrations"."version" ASC[0m
Migrating to AddToReviewTable (20170614182736)
  [1m[35m (0.1ms)[0m  [1m[36mbegin transaction[0m
  [1m[35m (0.4ms)[0m  [1m[35mALTER TABLE "reviews" ADD "procuct_id" integer[0m
  [1m[35m (0.1ms)[0m  [1m[35mALTER TABLE "reviews" ADD "comment" text[0m
  [1m[35m (0.1ms)[0m  [1m[35mALTER TABLE "reviews" ADD "rating" integer[0m
  [1m[35mSQL (0.2ms)[0m  [1m[32mINSERT INTO "schema_migrations" ("version") VALUES (?)[0m  [["version", "20170614182736"]]
  [1m[35m (6.3ms)[0m  [1m[36mcommit transaction[0m
  [1m[36mActiveRecord::InternalMetadata Load (0.2ms)[0m  [1m[34mSELECT  "ar_internal_metadata".* FROM "ar_internal_metadata" WHERE "ar_internal_metadata"."key" = ? LIMIT ?[0m  [["key", "environment"], ["LIMIT", 1]]
  [1m[35m (0.1ms)[0m  [1m[36mbegin transaction[0m
  [1m[35m (0.1ms)[0m  [1m[36mcommit transaction[0m
  [1m[35m (0.1ms)[0m  [1m[34mSELECT "schema_migrations"."version" FROM "schema_migrations" ORDER BY "schema_migrations"."version" ASC[0m
  [1m[35m (0.1ms)[0m  [1m[34mSELECT "schema_migrations"."version" FROM "schema_migrations" ORDER BY "schema_migrations"."version" ASC[0m
  [1m[35m (0.1ms)[0m  [1m[34mSELECT "schema_migrations"."version" FROM "schema_migrations" ORDER BY "schema_migrations"."version" ASC[0m
Migrating to AddToReviewTable (20170614182736)
  [1m[35m (0.0ms)[0m  [1m[36mbegin transaction[0m
  [1m[35m (0.1ms)[0m  [1m[34mSELECT sqlite_version(*)[0m
  [1m[35m (0.3ms)[0m  [1m[35mCREATE TEMPORARY TABLE "areviews" ("id" INTEGER PRIMARY KEY AUTOINCREMENT NOT NULL, "created_at" datetime NOT NULL, "updated_at" datetime NOT NULL, "procuct_id" integer DEFAULT NULL, "comment" text DEFAULT NULL, "rating" integer DEFAULT NULL)[0m
  [1m[35m (0.1ms)[0m  [1m[32mINSERT INTO "areviews" ("id","created_at","updated_at","procuct_id","comment","rating")
                     SELECT "id","created_at","updated_at","procuct_id","comment","rating" FROM "reviews"[0m
  [1m[35m (0.3ms)[0m  [1m[35mDROP TABLE "reviews"[0m
  [1m[35m (0.1ms)[0m  [1m[35mCREATE TABLE "reviews" ("id" INTEGER PRIMARY KEY AUTOINCREMENT NOT NULL, "created_at" datetime NOT NULL, "updated_at" datetime NOT NULL, "procuct_id" integer DEFAULT NULL, "comment" text DEFAULT NULL)[0m
  [1m[35m (0.1ms)[0m  [1m[32mINSERT INTO "reviews" ("id","created_at","updated_at","procuct_id","comment")
                     SELECT "id","created_at","updated_at","procuct_id","comment" FROM "areviews"[0m
  [1m[35m (0.1ms)[0m  [1m[35mDROP TABLE "areviews"[0m
  [1m[35m (0.1ms)[0m  [1m[35mCREATE TEMPORARY TABLE "areviews" ("id" INTEGER PRIMARY KEY AUTOINCREMENT NOT NULL, "created_at" datetime NOT NULL, "updated_at" datetime NOT NULL, "procuct_id" integer DEFAULT NULL, "comment" text DEFAULT NULL)[0m
  [1m[35m (0.1ms)[0m  [1m[32mINSERT INTO "areviews" ("id","created_at","updated_at","procuct_id","comment")
                     SELECT "id","created_at","updated_at","procuct_id","comment" FROM "reviews"[0m
  [1m[35m (0.1ms)[0m  [1m[35mDROP TABLE "reviews"[0m
  [1m[35m (0.1ms)[0m  [1m[35mCREATE TABLE "reviews" ("id" INTEGER PRIMARY KEY AUTOINCREMENT NOT NULL, "created_at" datetime NOT NULL, "updated_at" datetime NOT NULL, "procuct_id" integer DEFAULT NULL)[0m
  [1m[35m (0.1ms)[0m  [1m[32mINSERT INTO "reviews" ("id","created_at","updated_at","procuct_id")
                     SELECT "id","created_at","updated_at","procuct_id" FROM "areviews"[0m
  [1m[35m (0.1ms)[0m  [1m[35mDROP TABLE "areviews"[0m
  [1m[35m (0.1ms)[0m  [1m[35mCREATE TEMPORARY TABLE "areviews" ("id" INTEGER PRIMARY KEY AUTOINCREMENT NOT NULL, "created_at" datetime NOT NULL, "updated_at" datetime NOT NULL, "procuct_id" integer DEFAULT NULL)[0m
  [1m[35m (0.1ms)[0m  [1m[32mINSERT INTO "areviews" ("id","created_at","updated_at","procuct_id")
                     SELECT "id","created_at","updated_at","procuct_id" FROM "reviews"[0m
  [1m[35m (0.1ms)[0m  [1m[35mDROP TABLE "reviews"[0m
  [1m[35m (0.1ms)[0m  [1m[35mCREATE TABLE "reviews" ("id" INTEGER PRIMARY KEY AUTOINCREMENT NOT NULL, "created_at" datetime NOT NULL, "updated_at" datetime NOT NULL)[0m
  [1m[35m (0.1ms)[0m  [1m[32mINSERT INTO "reviews" ("id","created_at","updated_at")
                     SELECT "id","created_at","updated_at" FROM "areviews"[0m
  [1m[35m (0.2ms)[0m  [1m[35mDROP TABLE "areviews"[0m
  [1m[35mSQL (0.2ms)[0m  [1m[31mDELETE FROM "schema_migrations" WHERE "schema_migrations"."version" = ?[0m  [["version", "20170614182736"]]
  [1m[35m (6.0ms)[0m  [1m[36mcommit transaction[0m
  [1m[35m (0.3ms)[0m  [1m[34mSELECT "schema_migrations"."version" FROM "schema_migrations" ORDER BY "schema_migrations"."version" ASC[0m
  [1m[35m (0.1ms)[0m  [1m[34mSELECT "schema_migrations"."version" FROM "schema_migrations" ORDER BY "schema_migrations"."version" ASC[0m
Migrating to AddToReviewTable (20170614182736)
  [1m[35m (0.0ms)[0m  [1m[36mbegin transaction[0m
  [1m[35m (0.4ms)[0m  [1m[35mALTER TABLE "reviews" ADD "product_id" integer[0m
  [1m[35m (0.1ms)[0m  [1m[35mALTER TABLE "reviews" ADD "comment" text[0m
  [1m[35m (0.1ms)[0m  [1m[35mALTER TABLE "reviews" ADD "rating" integer[0m
  [1m[35mSQL (0.2ms)[0m  [1m[32mINSERT INTO "schema_migrations" ("version") VALUES (?)[0m  [["version", "20170614182736"]]
  [1m[35m (0.8ms)[0m  [1m[36mcommit transaction[0m
  [1m[36mActiveRecord::InternalMetadata Load (0.1ms)[0m  [1m[34mSELECT  "ar_internal_metadata".* FROM "ar_internal_metadata" WHERE "ar_internal_metadata"."key" = ? LIMIT ?[0m  [["key", "environment"], ["LIMIT", 1]]
  [1m[35m (0.1ms)[0m  [1m[36mbegin transaction[0m
  [1m[35m (0.2ms)[0m  [1m[36mcommit transaction[0m
  [1m[35m (0.2ms)[0m  [1m[34mSELECT "schema_migrations"."version" FROM "schema_migrations" ORDER BY "schema_migrations"."version" ASC[0m
  [1m[36mProduct Load (0.3ms)[0m  [1m[34mSELECT  "products".* FROM "products" ORDER BY "products"."id" DESC LIMIT ?[0m  [["LIMIT", 1]]
  [1m[36mReview Load (0.1ms)[0m  [1m[34mSELECT  "reviews".* FROM "reviews" WHERE "reviews"."product_id" = ? LIMIT ?[0m  [["product_id", 3], ["LIMIT", 11]]
